
> nx run ui:build-storybook --output-dir=/tmp/chromatic-135293SG083A7JLQr --outputDir=/tmp/chromatic-135293SG083A7JLQr 
ui framework: @storybook/react
Storybook builder starting ...
info clean outputDir..
info => Copying static files from: libs/ui/src/assets
info => Copying prebuild dll's..
info => Building manager..
info => Loading manager config..
info => Loading presets
info => Loading custom manager config.
info => Compiling manager..
info => manager built (5.84 s)
info => Building preview..
info => Loading preview config..
info => Loading presets
info => Loading config/preview file in "libs/ui/.storybook".
info => Loading custom Webpack config (full-control mode).
info => Using base config because react-scripts is not installed.
info => Compiling preview..
info => Preview built (19 s)
WARN asset size limit: The following asset(s) exceed the recommended size limit (244 KiB).
WARN This can impact web performance.
WARN Assets: 
WARN   main.0166c71efd276d76e685.bundle.js (331 KiB)
WARN   vendors~main.0166c71efd276d76e685.bundle.js (3.55 MiB)
WARN entrypoint size limit: The following entrypoint(s) combined asset size exceeds the recommended limit (244 KiB). This can impact web performance.
WARN Entrypoints:
WARN   main (3.88 MiB)
WARN       runtime~main.0166c71efd276d76e685.bundle.js
WARN       vendors~main.0166c71efd276d76e685.bundle.js
WARN       main.0166c71efd276d76e685.bundle.js
WARN 
WARN webpack performance recommendations: 
WARN You can limit the size of your bundles by using import() or require.ensure to lazy load some parts of your application.
WARN For more info visit https://webpack.js.org/guides/code-splitting/
info => Output directory: /home/gustavobento/Projects/GuiaBolso/pink-lemonade-web/storybook/ui/dist
Storybook builder finished ...
Storybook files availble in storybook/ui/dist
